==14869== Memcheck, a memory error detector
==14869== Copyright (C) 2002-2017, and GNU GPL'd, by Julian Seward et al.
==14869== Using Valgrind-3.13.0 and LibVEX; rerun with -h for copyright info
==14869== Command: /rhome/b/bkarovic1/workspace/UUP/T11/Z2/.runme
==14869== Parent PID: 14848
==14869== 
==14869== 
==14869== Process terminating with default action of signal 15 (SIGTERM)
==14869==    at 0x54EC081: read (read.c:27)
==14869==    by 0x5469147: _IO_file_underflow@@GLIBC_2.2.5 (fileops.c:531)
==14869==    by 0x546A3F1: _IO_default_uflow (genops.c:380)
==14869==    by 0x5447BE9: _IO_vfscanf (vfscanf.c:630)
==14869==    by 0x5457FD7: __isoc99_scanf (isoc99_scanf.c:37)
==14869==    by 0x1087CC: unos_tacke (main.c:16)
==14869==    by 0x108831: unos_kruznice (main.c:23)
==14869==    by 0x1089D1: main (main.c:55)
==14869== 
==14869== HEAP SUMMARY:
==14869==     in use at exit: 0 bytes in 0 blocks
==14869==   total heap usage: 1 allocs, 1 frees, 1,024 bytes allocated
==14869== 
==14869== All heap blocks were freed -- no leaks are possible
==14869== 
==14869== For counts of detected and suppressed errors, rerun with: -v
==14869== ERROR SUMMARY: 0 errors from 0 contexts (suppressed: 0 from 0)
