[New LWP 16340]
Core was generated by `'.
Program terminated with signal SIGSEGV, Segmentation fault.
#0  0x000000000010877f in ?? ()
#0  0x000000000010877f in ?? ()
#1  0x0000001fff000930 in ?? ()
#2  0x0000000000108878 in ?? ()
#3  0x727a76207277625a in ?? ()
#4  0x6971727a20727720 in ?? ()
#5  0x7659207076717277 in ?? ()
#6  0x0000000000006261 in ?? ()
#7  0x0000001fff000a10 in ?? ()
#8  0xe03b044f6a003700 in ?? ()
#9  0x00000000001088b0 in ?? ()
#10 0x000000000505fb97 in ?? ()
#11 0x00000000054f6fa0 in ?? ()
#12 0x0000001fff000a18 in ?? ()
#13 0x00000001054fa760 in ?? ()
#14 0x0000000000108821 in ?? ()
#15 0x0000000000000000 in ?? ()
