==16813== Memcheck, a memory error detector
==16813== Copyright (C) 2002-2017, and GNU GPL'd, by Julian Seward et al.
==16813== Using Valgrind-3.13.0 and LibVEX; rerun with -h for copyright info
==16813== Command: /rhome/b/bkarovic1/workspace/UUP/Z1/Z3/.runme
==16813== Parent PID: 16798
==16813== 
==16813== 
==16813== Process terminating with default action of signal 1 (SIGHUP)
==16813==    at 0x514E081: read (read.c:27)
==16813==    by 0x50CB147: _IO_file_underflow@@GLIBC_2.2.5 (fileops.c:531)
==16813==    by 0x50CC3F1: _IO_default_uflow (genops.c:380)
==16813==    by 0x50A9BE9: _IO_vfscanf (vfscanf.c:630)
==16813==    by 0x50B9FD7: __isoc99_scanf (isoc99_scanf.c:37)
==16813==    by 0x108CDF: main (main.c:81)
==16813== 
==16813== HEAP SUMMARY:
==16813==     in use at exit: 0 bytes in 0 blocks
==16813==   total heap usage: 1 allocs, 1 frees, 1,024 bytes allocated
==16813== 
==16813== All heap blocks were freed -- no leaks are possible
==16813== 
==16813== For counts of detected and suppressed errors, rerun with: -v
==16813== ERROR SUMMARY: 0 errors from 0 contexts (suppressed: 0 from 0)
