==9069== Memcheck, a memory error detector
==9069== Copyright (C) 2002-2017, and GNU GPL'd, by Julian Seward et al.
==9069== Using Valgrind-3.13.0 and LibVEX; rerun with -h for copyright info
==9069== Command: /rhome/b/bkarovic1/workspace/UUP/T5/Z5/.runme
==9069== Parent PID: 9056
==9069== 
==9069== 
==9069== Process terminating with default action of signal 15 (SIGTERM)
==9069==    at 0x514E081: read (read.c:27)
==9069==    by 0x50CB147: _IO_file_underflow@@GLIBC_2.2.5 (fileops.c:531)
==9069==    by 0x50CC3F1: _IO_default_uflow (genops.c:380)
==9069==    by 0x50A9BE9: _IO_vfscanf (vfscanf.c:630)
==9069==    by 0x50B9FD7: __isoc99_scanf (isoc99_scanf.c:37)
==9069==    by 0x10877F: main (main.c:41)
==9069== 
==9069== HEAP SUMMARY:
==9069==     in use at exit: 0 bytes in 0 blocks
==9069==   total heap usage: 1 allocs, 1 frees, 1,024 bytes allocated
==9069== 
==9069== All heap blocks were freed -- no leaks are possible
==9069== 
==9069== For counts of detected and suppressed errors, rerun with: -v
==9069== ERROR SUMMARY: 0 errors from 0 contexts (suppressed: 0 from 0)
