==22679== Memcheck, a memory error detector
==22679== Copyright (C) 2002-2017, and GNU GPL'd, by Julian Seward et al.
==22679== Using Valgrind-3.13.0 and LibVEX; rerun with -h for copyright info
==22679== Command: /rhome/b/bkarovic1/workspace/UUP/T5/Z1/.runme
==22679== Parent PID: 22667
==22679== 
==22679== 
==22679== Process terminating with default action of signal 15 (SIGTERM)
==22679==    at 0x514E081: read (read.c:27)
==22679==    by 0x50CB147: _IO_file_underflow@@GLIBC_2.2.5 (fileops.c:531)
==22679==    by 0x50CC3F1: _IO_default_uflow (genops.c:380)
==22679==    by 0x50A9BE9: _IO_vfscanf (vfscanf.c:630)
==22679==    by 0x50B9FD7: __isoc99_scanf (isoc99_scanf.c:37)
==22679==    by 0x108788: main (main.c:10)
==22679== 
==22679== HEAP SUMMARY:
==22679==     in use at exit: 0 bytes in 0 blocks
==22679==   total heap usage: 1 allocs, 1 frees, 1,024 bytes allocated
==22679== 
==22679== All heap blocks were freed -- no leaks are possible
==22679== 
==22679== For counts of detected and suppressed errors, rerun with: -v
==22679== ERROR SUMMARY: 0 errors from 0 contexts (suppressed: 0 from 0)
