==32147== Memcheck, a memory error detector
==32147== Copyright (C) 2002-2017, and GNU GPL'd, by Julian Seward et al.
==32147== Using Valgrind-3.13.0 and LibVEX; rerun with -h for copyright info
==32147== Command: /rhome/b/bkarovic1/workspace/UUP/T7/Z4/.runme
==32147== Parent PID: 32141
==32147== 
==32147== Conditional jump or move depends on uninitialised value(s)
==32147==    at 0x54388DA: vfprintf (vfprintf.c:1642)
==32147==    by 0x543A67F: buffered_vfprintf (vfprintf.c:2329)
==32147==    by 0x5437725: vfprintf (vfprintf.c:1301)
==32147==    by 0x5440F25: printf (printf.c:33)
==32147==    by 0x1088E5: main (main.c:28)
==32147== 
==32147== Use of uninitialised value of size 8
==32147==    at 0x543486B: _itoa_word (_itoa.c:179)
==32147==    by 0x5437F0D: vfprintf (vfprintf.c:1642)
==32147==    by 0x543A67F: buffered_vfprintf (vfprintf.c:2329)
==32147==    by 0x5437725: vfprintf (vfprintf.c:1301)
==32147==    by 0x5440F25: printf (printf.c:33)
==32147==    by 0x1088E5: main (main.c:28)
==32147== 
==32147== Conditional jump or move depends on uninitialised value(s)
==32147==    at 0x5434875: _itoa_word (_itoa.c:179)
==32147==    by 0x5437F0D: vfprintf (vfprintf.c:1642)
==32147==    by 0x543A67F: buffered_vfprintf (vfprintf.c:2329)
==32147==    by 0x5437725: vfprintf (vfprintf.c:1301)
==32147==    by 0x5440F25: printf (printf.c:33)
==32147==    by 0x1088E5: main (main.c:28)
==32147== 
==32147== Conditional jump or move depends on uninitialised value(s)
==32147==    at 0x5438014: vfprintf (vfprintf.c:1642)
==32147==    by 0x543A67F: buffered_vfprintf (vfprintf.c:2329)
==32147==    by 0x5437725: vfprintf (vfprintf.c:1301)
==32147==    by 0x5440F25: printf (printf.c:33)
==32147==    by 0x1088E5: main (main.c:28)
==32147== 
==32147== Conditional jump or move depends on uninitialised value(s)
==32147==    at 0x5438B4C: vfprintf (vfprintf.c:1642)
==32147==    by 0x543A67F: buffered_vfprintf (vfprintf.c:2329)
==32147==    by 0x5437725: vfprintf (vfprintf.c:1301)
==32147==    by 0x5440F25: printf (printf.c:33)
==32147==    by 0x1088E5: main (main.c:28)
==32147== 
==32147== 
==32147== HEAP SUMMARY:
==32147==     in use at exit: 0 bytes in 0 blocks
==32147==   total heap usage: 1 allocs, 1 frees, 1,024 bytes allocated
==32147== 
==32147== All heap blocks were freed -- no leaks are possible
==32147== 
==32147== For counts of detected and suppressed errors, rerun with: -v
==32147== Use --track-origins=yes to see where uninitialised values come from
==32147== ERROR SUMMARY: 13 errors from 5 contexts (suppressed: 0 from 0)
