==13441== Memcheck, a memory error detector
==13441== Copyright (C) 2002-2017, and GNU GPL'd, by Julian Seward et al.
==13441== Using Valgrind-3.13.0 and LibVEX; rerun with -h for copyright info
==13441== Command: /rhome/b/bkarovic1/workspace/UUP/T6/Z7/.runme
==13441== Parent PID: 13435
==13441== 
==13441== 
==13441== Process terminating with default action of signal 1 (SIGHUP)
==13441==    at 0x514E081: read (read.c:27)
==13441==    by 0x50CB147: _IO_file_underflow@@GLIBC_2.2.5 (fileops.c:531)
==13441==    by 0x50CC3F1: _IO_default_uflow (genops.c:380)
==13441==    by 0x50A9BE9: _IO_vfscanf (vfscanf.c:630)
==13441==    by 0x50B9FD7: __isoc99_scanf (isoc99_scanf.c:37)
==13441==    by 0x1087F3: main (main.c:8)
==13441== 
==13441== HEAP SUMMARY:
==13441==     in use at exit: 0 bytes in 0 blocks
==13441==   total heap usage: 1 allocs, 1 frees, 1,024 bytes allocated
==13441== 
==13441== All heap blocks were freed -- no leaks are possible
==13441== 
==13441== For counts of detected and suppressed errors, rerun with: -v
==13441== ERROR SUMMARY: 0 errors from 0 contexts (suppressed: 0 from 0)
