==11793== Memcheck, a memory error detector
==11793== Copyright (C) 2002-2017, and GNU GPL'd, by Julian Seward et al.
==11793== Using Valgrind-3.13.0 and LibVEX; rerun with -h for copyright info
==11793== Command: /rhome/b/bkarovic1/workspace/UUP/Z2/Z2/.runme
==11793== Parent PID: 11772
==11793== 
==11793== 
==11793== Process terminating with default action of signal 15 (SIGTERM)
==11793==    at 0x514E081: read (read.c:27)
==11793==    by 0x50CB147: _IO_file_underflow@@GLIBC_2.2.5 (fileops.c:531)
==11793==    by 0x50CC3F1: _IO_default_uflow (genops.c:380)
==11793==    by 0x50A9BE9: _IO_vfscanf (vfscanf.c:630)
==11793==    by 0x50B9FD7: __isoc99_scanf (isoc99_scanf.c:37)
==11793==    by 0x10885F: main (main.c:21)
==11793== 
==11793== HEAP SUMMARY:
==11793==     in use at exit: 0 bytes in 0 blocks
==11793==   total heap usage: 1 allocs, 1 frees, 1,024 bytes allocated
==11793== 
==11793== All heap blocks were freed -- no leaks are possible
==11793== 
==11793== For counts of detected and suppressed errors, rerun with: -v
==11793== ERROR SUMMARY: 0 errors from 0 contexts (suppressed: 0 from 0)
