==7724== Memcheck, a memory error detector
==7724== Copyright (C) 2002-2017, and GNU GPL'd, by Julian Seward et al.
==7724== Using Valgrind-3.13.0 and LibVEX; rerun with -h for copyright info
==7724== Command: /rhome/b/bkarovic1/workspace/UUP/ZSR12/Z5/.runme
==7724== Parent PID: 7711
==7724== 
==7724== Invalid read of size 2
==7724==    at 0x1088CA: analiza (main.c:20)
==7724==    by 0x108AA0: main (main.c:53)
==7724==  Address 0x1ffefd0900 is not stack'd, malloc'd or (recently) free'd
==7724== 
==7724== 
==7724== Process terminating with default action of signal 11 (SIGSEGV): dumping core
==7724==  Access not within mapped region at address 0x1FFEFD0900
==7724==    at 0x1088CA: analiza (main.c:20)
==7724==    by 0x108AA0: main (main.c:53)
==7724==  If you believe this happened as a result of a stack
==7724==  overflow in your program's main thread (unlikely but
==7724==  possible), you can try to increase the size of the
==7724==  main thread stack using the --main-stacksize= flag.
==7724==  The main thread stack size used in this run was 8388608.
==7724== 
==7724== HEAP SUMMARY:
==7724==     in use at exit: 552 bytes in 1 blocks
==7724==   total heap usage: 4 allocs, 3 frees, 17,488 bytes allocated
==7724== 
==7724== LEAK SUMMARY:
==7724==    definitely lost: 0 bytes in 0 blocks
==7724==    indirectly lost: 0 bytes in 0 blocks
==7724==      possibly lost: 0 bytes in 0 blocks
==7724==    still reachable: 552 bytes in 1 blocks
==7724==         suppressed: 0 bytes in 0 blocks
==7724== Reachable blocks (those to which a pointer was found) are not shown.
==7724== To see them, rerun with: --leak-check=full --show-leak-kinds=all
==7724== 
==7724== For counts of detected and suppressed errors, rerun with: -v
==7724== ERROR SUMMARY: 1 errors from 1 contexts (suppressed: 0 from 0)
