==29694== Memcheck, a memory error detector
==29694== Copyright (C) 2002-2017, and GNU GPL'd, by Julian Seward et al.
==29694== Using Valgrind-3.13.0 and LibVEX; rerun with -h for copyright info
==29694== Command: /rhome/b/bkarovic1/workspace/UUP/T6/Z2/.runme
==29694== Parent PID: 29675
==29694== 
==29694== 
==29694== Process terminating with default action of signal 1 (SIGHUP)
==29694==    at 0x514E081: read (read.c:27)
==29694==    by 0x50CB147: _IO_file_underflow@@GLIBC_2.2.5 (fileops.c:531)
==29694==    by 0x50CC3F1: _IO_default_uflow (genops.c:380)
==29694==    by 0x50A9BE9: _IO_vfscanf (vfscanf.c:630)
==29694==    by 0x50B9FD7: __isoc99_scanf (isoc99_scanf.c:37)
==29694==    by 0x108807: main (main.c:9)
==29694== 
==29694== HEAP SUMMARY:
==29694==     in use at exit: 0 bytes in 0 blocks
==29694==   total heap usage: 1 allocs, 1 frees, 1,024 bytes allocated
==29694== 
==29694== All heap blocks were freed -- no leaks are possible
==29694== 
==29694== For counts of detected and suppressed errors, rerun with: -v
==29694== ERROR SUMMARY: 0 errors from 0 contexts (suppressed: 0 from 0)
