==20787== Memcheck, a memory error detector
==20787== Copyright (C) 2002-2017, and GNU GPL'd, by Julian Seward et al.
==20787== Using Valgrind-3.13.0 and LibVEX; rerun with -h for copyright info
==20787== Command: /rhome/b/bkarovic1/workspace/UUP/T13/Z5/.runme
==20787== Parent PID: 20783
==20787== 
==20787== Conditional jump or move depends on uninitialised value(s)
==20787==    at 0x108DB0: main (main.c:93)
==20787== 
==20787== Conditional jump or move depends on uninitialised value(s)
==20787==    at 0x108F70: main (main.c:102)
==20787== 
==20787== 
==20787== HEAP SUMMARY:
==20787==     in use at exit: 0 bytes in 0 blocks
==20787==   total heap usage: 6 allocs, 6 frees, 19,064 bytes allocated
==20787== 
==20787== All heap blocks were freed -- no leaks are possible
==20787== 
==20787== For counts of detected and suppressed errors, rerun with: -v
==20787== Use --track-origins=yes to see where uninitialised values come from
==20787== ERROR SUMMARY: 5 errors from 2 contexts (suppressed: 0 from 0)
