==7672== Memcheck, a memory error detector
==7672== Copyright (C) 2002-2017, and GNU GPL'd, by Julian Seward et al.
==7672== Using Valgrind-3.13.0 and LibVEX; rerun with -h for copyright info
==7672== Command: /rhome/b/bkarovic1/workspace/UUP/T13/Z4/.runme
==7672== Parent PID: 7663
==7672== 
==7672== Syscall param write(buf) points to uninitialised byte(s)
==7672==    at 0x514E154: write (write.c:27)
==7672==    by 0x50C91BC: _IO_file_write@@GLIBC_2.2.5 (fileops.c:1203)
==7672==    by 0x50CAF50: new_do_write (fileops.c:457)
==7672==    by 0x50CAF50: _IO_do_write@@GLIBC_2.2.5 (fileops.c:433)
==7672==    by 0x50CA30F: _IO_file_close_it@@GLIBC_2.2.5 (fileops.c:136)
==7672==    by 0x50BC386: fclose@@GLIBC_2.2.5 (iofclose.c:53)
==7672==    by 0x108A8A: main (main.c:56)
==7672==  Address 0x542f6f2 is 2 bytes inside a block of size 8,192 alloc'd
==7672==    at 0x4C2FB0F: malloc (in /usr/lib/valgrind/vgpreload_memcheck-amd64-linux.so)
==7672==    by 0x50BC18B: _IO_file_doallocate (filedoalloc.c:101)
==7672==    by 0x50CC378: _IO_doallocbuf (genops.c:365)
==7672==    by 0x50CB497: _IO_file_overflow@@GLIBC_2.2.5 (fileops.c:759)
==7672==    by 0x50C99EC: _IO_file_xsputn@@GLIBC_2.2.5 (fileops.c:1266)
==7672==    by 0x50BD976: fwrite (iofwrite.c:39)
==7672==    by 0x108A7E: main (main.c:51)
==7672== 
==7672== 
==7672== Process terminating with default action of signal 1 (SIGHUP)
==7672==    at 0x514E081: read (read.c:27)
==7672==    by 0x50CB147: _IO_file_underflow@@GLIBC_2.2.5 (fileops.c:531)
==7672==    by 0x50CC3F1: _IO_default_uflow (genops.c:380)
==7672==    by 0x50A9BE9: _IO_vfscanf (vfscanf.c:630)
==7672==    by 0x50B9FD7: __isoc99_scanf (isoc99_scanf.c:37)
==7672==    by 0x108955: main (main.c:30)
==7672== 
==7672== HEAP SUMMARY:
==7672==     in use at exit: 0 bytes in 0 blocks
==7672==   total heap usage: 5 allocs, 5 frees, 18,512 bytes allocated
==7672== 
==7672== All heap blocks were freed -- no leaks are possible
==7672== 
==7672== For counts of detected and suppressed errors, rerun with: -v
==7672== Use --track-origins=yes to see where uninitialised values come from
==7672== ERROR SUMMARY: 1 errors from 1 contexts (suppressed: 0 from 0)
