==26939== Memcheck, a memory error detector
==26939== Copyright (C) 2002-2017, and GNU GPL'd, by Julian Seward et al.
==26939== Using Valgrind-3.13.0 and LibVEX; rerun with -h for copyright info
==26939== Command: /rhome/b/bkarovic1/workspace/UUP/Z4/Z2/.runme
==26939== Parent PID: 26926
==26939== 
==26939== Conditional jump or move depends on uninitialised value(s)
==26939==    at 0x108A20: zamijeni_min_max (main.c:73)
==26939==    by 0x108C86: main (main.c:123)
==26939== 
==26939== 
==26939== HEAP SUMMARY:
==26939==     in use at exit: 0 bytes in 0 blocks
==26939==   total heap usage: 0 allocs, 0 frees, 0 bytes allocated
==26939== 
==26939== All heap blocks were freed -- no leaks are possible
==26939== 
==26939== For counts of detected and suppressed errors, rerun with: -v
==26939== Use --track-origins=yes to see where uninitialised values come from
==26939== ERROR SUMMARY: 1 errors from 1 contexts (suppressed: 0 from 0)
