==27383== Memcheck, a memory error detector
==27383== Copyright (C) 2002-2017, and GNU GPL'd, by Julian Seward et al.
==27383== Using Valgrind-3.13.0 and LibVEX; rerun with -h for copyright info
==27383== Command: /rhome/b/bkarovic1/workspace/UUP/T11/Z5/.runme
==27383== Parent PID: 27369
==27383== 
==27383== 
==27383== Process terminating with default action of signal 1 (SIGHUP)
==27383==    at 0x514E152: write (write.c:27)
==27383==    by 0x50C91BC: _IO_file_write@@GLIBC_2.2.5 (fileops.c:1203)
==27383==    by 0x50C9B2E: new_do_write (fileops.c:457)
==27383==    by 0x50C9B2E: _IO_file_xsputn@@GLIBC_2.2.5 (fileops.c:1277)
==27383==    by 0x509C706: buffered_vfprintf (vfprintf.c:2350)
==27383==    by 0x5099725: vfprintf (vfprintf.c:1301)
==27383==    by 0x50A2F25: printf (printf.c:33)
==27383==    by 0x1088F2: main (main.c:36)
==27383== 
==27383== HEAP SUMMARY:
==27383==     in use at exit: 0 bytes in 0 blocks
==27383==   total heap usage: 1 allocs, 1 frees, 1,024 bytes allocated
==27383== 
==27383== All heap blocks were freed -- no leaks are possible
==27383== 
==27383== For counts of detected and suppressed errors, rerun with: -v
==27383== ERROR SUMMARY: 0 errors from 0 contexts (suppressed: 0 from 0)
