==18360== Memcheck, a memory error detector
==18360== Copyright (C) 2002-2017, and GNU GPL'd, by Julian Seward et al.
==18360== Using Valgrind-3.13.0 and LibVEX; rerun with -h for copyright info
==18360== Command: /rhome/b/bkarovic1/workspace/UUP/T12/Z5/.runme
==18360== Parent PID: 18346
==18360== 
==18360== 
==18360== Process terminating with default action of signal 1 (SIGHUP)
==18360==    at 0x514E081: read (read.c:27)
==18360==    by 0x50CB147: _IO_file_underflow@@GLIBC_2.2.5 (fileops.c:531)
==18360==    by 0x50CC3F1: _IO_default_uflow (genops.c:380)
==18360==    by 0x50A9BE9: _IO_vfscanf (vfscanf.c:630)
==18360==    by 0x50B9FD7: __isoc99_scanf (isoc99_scanf.c:37)
==18360==    by 0x108ACB: main (main.c:61)
==18360== 
==18360== HEAP SUMMARY:
==18360==     in use at exit: 0 bytes in 0 blocks
==18360==   total heap usage: 3 allocs, 3 frees, 9,768 bytes allocated
==18360== 
==18360== All heap blocks were freed -- no leaks are possible
==18360== 
==18360== For counts of detected and suppressed errors, rerun with: -v
==18360== ERROR SUMMARY: 0 errors from 0 contexts (suppressed: 0 from 0)
