==8979== Memcheck, a memory error detector
==8979== Copyright (C) 2002-2017, and GNU GPL'd, by Julian Seward et al.
==8979== Using Valgrind-3.13.0 and LibVEX; rerun with -h for copyright info
==8979== Command: /rhome/b/bkarovic1/workspace/UUP/Z2/Z4/.runme
==8979== Parent PID: 8964
==8979== 
==8979== 
==8979== Process terminating with default action of signal 1 (SIGHUP)
==8979==    at 0x514E081: read (read.c:27)
==8979==    by 0x50CB147: _IO_file_underflow@@GLIBC_2.2.5 (fileops.c:531)
==8979==    by 0x50CC3F1: _IO_default_uflow (genops.c:380)
==8979==    by 0x50A9BE9: _IO_vfscanf (vfscanf.c:630)
==8979==    by 0x50B9FD7: __isoc99_scanf (isoc99_scanf.c:37)
==8979==    by 0x108826: main (main.c:9)
==8979== 
==8979== HEAP SUMMARY:
==8979==     in use at exit: 0 bytes in 0 blocks
==8979==   total heap usage: 1 allocs, 1 frees, 1,024 bytes allocated
==8979== 
==8979== All heap blocks were freed -- no leaks are possible
==8979== 
==8979== For counts of detected and suppressed errors, rerun with: -v
==8979== ERROR SUMMARY: 0 errors from 0 contexts (suppressed: 0 from 0)
