==24016== Memcheck, a memory error detector
==24016== Copyright (C) 2002-2017, and GNU GPL'd, by Julian Seward et al.
==24016== Using Valgrind-3.13.0 and LibVEX; rerun with -h for copyright info
==24016== Command: /rhome/b/bkarovic1/workspace/UUP/T8/Z3/.runme
==24016== Parent PID: 24009
==24016== 
==24016== 
==24016== Process terminating with default action of signal 1 (SIGHUP)
==24016==    at 0x514E07F: read (read.c:27)
==24016==    by 0x50CB147: _IO_file_underflow@@GLIBC_2.2.5 (fileops.c:531)
==24016==    by 0x50CC3F1: _IO_default_uflow (genops.c:380)
==24016==    by 0x50A9BE9: _IO_vfscanf (vfscanf.c:630)
==24016==    by 0x50B9FD7: __isoc99_scanf (isoc99_scanf.c:37)
==24016==    by 0x108844: main (main.c:30)
==24016== 
==24016== HEAP SUMMARY:
==24016==     in use at exit: 0 bytes in 0 blocks
==24016==   total heap usage: 1 allocs, 1 frees, 1,024 bytes allocated
==24016== 
==24016== All heap blocks were freed -- no leaks are possible
==24016== 
==24016== For counts of detected and suppressed errors, rerun with: -v
==24016== ERROR SUMMARY: 0 errors from 0 contexts (suppressed: 0 from 0)
