==19662== Memcheck, a memory error detector
==19662== Copyright (C) 2002-2017, and GNU GPL'd, by Julian Seward et al.
==19662== Using Valgrind-3.13.0 and LibVEX; rerun with -h for copyright info
==19662== Command: /rhome/b/bkarovic1/workspace/UUP/T12/Z2/.runme
==19662== Parent PID: 19647
==19662== 
==19662== Syscall param openat(filename) points to uninitialised byte(s)
==19662==    at 0x514DC8E: open (open64.c:47)
==19662==    by 0x50CA589: _IO_file_open (fileops.c:189)
==19662==    by 0x50CA589: _IO_file_fopen@@GLIBC_2.2.5 (fileops.c:281)
==19662==    by 0x50BCEA9: __fopen_internal (iofopen.c:78)
==19662==    by 0x50BCEA9: fopen@@GLIBC_2.2.5 (iofopen.c:89)
==19662==    by 0x10895D: main (main.c:35)
==19662==  Address 0x1fff000910 is on thread 1's stack
==19662==  in frame #3, created by main (main.c:27)
==19662== 
==19662== 
==19662== Process terminating with default action of signal 1 (SIGHUP)
==19662==    at 0x514DC8C: open (open64.c:47)
==19662==    by 0x50CA589: _IO_file_open (fileops.c:189)
==19662==    by 0x50CA589: _IO_file_fopen@@GLIBC_2.2.5 (fileops.c:281)
==19662==    by 0x50BCEA9: __fopen_internal (iofopen.c:78)
==19662==    by 0x50BCEA9: fopen@@GLIBC_2.2.5 (iofopen.c:89)
==19662==    by 0x10895D: main (main.c:35)
==19662== 
==19662== HEAP SUMMARY:
==19662==     in use at exit: 552 bytes in 1 blocks
==19662==   total heap usage: 2 allocs, 1 frees, 1,576 bytes allocated
==19662== 
==19662== LEAK SUMMARY:
==19662==    definitely lost: 0 bytes in 0 blocks
==19662==    indirectly lost: 0 bytes in 0 blocks
==19662==      possibly lost: 0 bytes in 0 blocks
==19662==    still reachable: 552 bytes in 1 blocks
==19662==         suppressed: 0 bytes in 0 blocks
==19662== Reachable blocks (those to which a pointer was found) are not shown.
==19662== To see them, rerun with: --leak-check=full --show-leak-kinds=all
==19662== 
==19662== For counts of detected and suppressed errors, rerun with: -v
==19662== Use --track-origins=yes to see where uninitialised values come from
==19662== ERROR SUMMARY: 1 errors from 1 contexts (suppressed: 0 from 0)
