==24793== Memcheck, a memory error detector
==24793== Copyright (C) 2002-2017, and GNU GPL'd, by Julian Seward et al.
==24793== Using Valgrind-3.13.0 and LibVEX; rerun with -h for copyright info
==24793== Command: /rhome/b/bkarovic1/workspace/UUP/T9/Z3/.runme
==24793== Parent PID: 24789
==24793== 
==24793== 
==24793== Process terminating with default action of signal 1 (SIGHUP)
==24793==    at 0x514E152: write (write.c:27)
==24793==    by 0x50C91BC: _IO_file_write@@GLIBC_2.2.5 (fileops.c:1203)
==24793==    by 0x50C9B2E: new_do_write (fileops.c:457)
==24793==    by 0x50C9B2E: _IO_file_xsputn@@GLIBC_2.2.5 (fileops.c:1277)
==24793==    by 0x509C706: buffered_vfprintf (vfprintf.c:2350)
==24793==    by 0x5099725: vfprintf (vfprintf.c:1301)
==24793==    by 0x50A2F25: printf (printf.c:33)
==24793==    by 0x1088E0: main (main.c:48)
==24793== 
==24793== HEAP SUMMARY:
==24793==     in use at exit: 0 bytes in 0 blocks
==24793==   total heap usage: 0 allocs, 0 frees, 0 bytes allocated
==24793== 
==24793== All heap blocks were freed -- no leaks are possible
==24793== 
==24793== For counts of detected and suppressed errors, rerun with: -v
==24793== ERROR SUMMARY: 0 errors from 0 contexts (suppressed: 0 from 0)
