==701== Memcheck, a memory error detector
==701== Copyright (C) 2002-2017, and GNU GPL'd, by Julian Seward et al.
==701== Using Valgrind-3.13.0 and LibVEX; rerun with -h for copyright info
==701== Command: /rhome/b/bkarovic1/workspace/UUP/T5/Z3/.runme
==701== Parent PID: 694
==701== 
==701== 
==701== Process terminating with default action of signal 1 (SIGHUP)
==701==    at 0x514E07F: read (read.c:27)
==701==    by 0x50CB147: _IO_file_underflow@@GLIBC_2.2.5 (fileops.c:531)
==701==    by 0x50CC3F1: _IO_default_uflow (genops.c:380)
==701==    by 0x50A9BE9: _IO_vfscanf (vfscanf.c:630)
==701==    by 0x50B9FD7: __isoc99_scanf (isoc99_scanf.c:37)
==701==    by 0x10877B: main (main.c:10)
==701== 
==701== HEAP SUMMARY:
==701==     in use at exit: 0 bytes in 0 blocks
==701==   total heap usage: 1 allocs, 1 frees, 1,024 bytes allocated
==701== 
==701== All heap blocks were freed -- no leaks are possible
==701== 
==701== For counts of detected and suppressed errors, rerun with: -v
==701== ERROR SUMMARY: 0 errors from 0 contexts (suppressed: 0 from 0)
