==18726== Memcheck, a memory error detector
==18726== Copyright (C) 2002-2017, and GNU GPL'd, by Julian Seward et al.
==18726== Using Valgrind-3.13.0 and LibVEX; rerun with -h for copyright info
==18726== Command: /rhome/b/bkarovic1/workspace/UUP/ZSR12/Z2/.runme
==18726== Parent PID: 18716
==18726== 
==18726== 
==18726== Process terminating with default action of signal 1 (SIGHUP)
==18726==    at 0x514E081: read (read.c:27)
==18726==    by 0x50CB147: _IO_file_underflow@@GLIBC_2.2.5 (fileops.c:531)
==18726==    by 0x50CC3F1: _IO_default_uflow (genops.c:380)
==18726==    by 0x50A9BE9: _IO_vfscanf (vfscanf.c:630)
==18726==    by 0x50B9FD7: __isoc99_scanf (isoc99_scanf.c:37)
==18726==    by 0x1088CD: main (main.c:10)
==18726== 
==18726== HEAP SUMMARY:
==18726==     in use at exit: 0 bytes in 0 blocks
==18726==   total heap usage: 1 allocs, 1 frees, 1,024 bytes allocated
==18726== 
==18726== All heap blocks were freed -- no leaks are possible
==18726== 
==18726== For counts of detected and suppressed errors, rerun with: -v
==18726== ERROR SUMMARY: 0 errors from 0 contexts (suppressed: 0 from 0)
