==10612== Memcheck, a memory error detector
==10612== Copyright (C) 2002-2017, and GNU GPL'd, by Julian Seward et al.
==10612== Using Valgrind-3.13.0 and LibVEX; rerun with -h for copyright info
==10612== Command: /rhome/b/bkarovic1/workspace/UUP/T12/Z4/.runme
==10612== Parent PID: 10599
==10612== 
==10612== 
==10612== HEAP SUMMARY:
==10612==     in use at exit: 552 bytes in 1 blocks
==10612==   total heap usage: 5 allocs, 4 frees, 18,512 bytes allocated
==10612== 
==10612== LEAK SUMMARY:
==10612==    definitely lost: 0 bytes in 0 blocks
==10612==    indirectly lost: 0 bytes in 0 blocks
==10612==      possibly lost: 0 bytes in 0 blocks
==10612==    still reachable: 552 bytes in 1 blocks
==10612==         suppressed: 0 bytes in 0 blocks
==10612== Reachable blocks (those to which a pointer was found) are not shown.
==10612== To see them, rerun with: --leak-check=full --show-leak-kinds=all
==10612== 
==10612== For counts of detected and suppressed errors, rerun with: -v
==10612== ERROR SUMMARY: 0 errors from 0 contexts (suppressed: 0 from 0)
