==16456== Memcheck, a memory error detector
==16456== Copyright (C) 2002-2017, and GNU GPL'd, by Julian Seward et al.
==16456== Using Valgrind-3.13.0 and LibVEX; rerun with -h for copyright info
==16456== Command: /rhome/b/bkarovic1/workspace/UUP/T8/Z4/.runme
==16456== Parent PID: 16443
==16456== 
==16456== Conditional jump or move depends on uninitialised value(s)
==16456==    at 0x108838: main (main.c:28)
==16456== 
==16456== Conditional jump or move depends on uninitialised value(s)
==16456==    at 0x10885F: main (main.c:34)
==16456== 
==16456== 
==16456== Process terminating with default action of signal 1 (SIGHUP)
==16456==    at 0x514E07F: read (read.c:27)
==16456==    by 0x50CB147: _IO_file_underflow@@GLIBC_2.2.5 (fileops.c:531)
==16456==    by 0x50CC3F1: _IO_default_uflow (genops.c:380)
==16456==    by 0x50A9BE9: _IO_vfscanf (vfscanf.c:630)
==16456==    by 0x50B9FD7: __isoc99_scanf (isoc99_scanf.c:37)
==16456==    by 0x10882E: main (main.c:27)
==16456== 
==16456== HEAP SUMMARY:
==16456==     in use at exit: 0 bytes in 0 blocks
==16456==   total heap usage: 1 allocs, 1 frees, 1,024 bytes allocated
==16456== 
==16456== All heap blocks were freed -- no leaks are possible
==16456== 
==16456== For counts of detected and suppressed errors, rerun with: -v
==16456== Use --track-origins=yes to see where uninitialised values come from
==16456== ERROR SUMMARY: 2 errors from 2 contexts (suppressed: 0 from 0)
