==12842== Memcheck, a memory error detector
==12842== Copyright (C) 2002-2017, and GNU GPL'd, by Julian Seward et al.
==12842== Using Valgrind-3.13.0 and LibVEX; rerun with -h for copyright info
==12842== Command: /rhome/b/bkarovic1/workspace/UUP/ZSR12/Z1/.runme
==12842== Parent PID: 12829
==12842== 
==12842== 
==12842== HEAP SUMMARY:
==12842==     in use at exit: 1,104 bytes in 2 blocks
==12842==   total heap usage: 5 allocs, 3 frees, 18,512 bytes allocated
==12842== 
==12842== LEAK SUMMARY:
==12842==    definitely lost: 0 bytes in 0 blocks
==12842==    indirectly lost: 0 bytes in 0 blocks
==12842==      possibly lost: 0 bytes in 0 blocks
==12842==    still reachable: 1,104 bytes in 2 blocks
==12842==         suppressed: 0 bytes in 0 blocks
==12842== Reachable blocks (those to which a pointer was found) are not shown.
==12842== To see them, rerun with: --leak-check=full --show-leak-kinds=all
==12842== 
==12842== For counts of detected and suppressed errors, rerun with: -v
==12842== ERROR SUMMARY: 0 errors from 0 contexts (suppressed: 0 from 0)
