==17747== Memcheck, a memory error detector
==17747== Copyright (C) 2002-2017, and GNU GPL'd, by Julian Seward et al.
==17747== Using Valgrind-3.13.0 and LibVEX; rerun with -h for copyright info
==17747== Command: /rhome/b/bkarovic1/workspace/UUP/T6/Z6/.runme
==17747== Parent PID: 17735
==17747== 
==17747== 
==17747== Process terminating with default action of signal 15 (SIGTERM)
==17747==    at 0x514E081: read (read.c:27)
==17747==    by 0x50CB147: _IO_file_underflow@@GLIBC_2.2.5 (fileops.c:531)
==17747==    by 0x50CC3F1: _IO_default_uflow (genops.c:380)
==17747==    by 0x50A9BE9: _IO_vfscanf (vfscanf.c:630)
==17747==    by 0x50B9FD7: __isoc99_scanf (isoc99_scanf.c:37)
==17747==    by 0x108772: main (main.c:7)
==17747== 
==17747== HEAP SUMMARY:
==17747==     in use at exit: 0 bytes in 0 blocks
==17747==   total heap usage: 1 allocs, 1 frees, 1,024 bytes allocated
==17747== 
==17747== All heap blocks were freed -- no leaks are possible
==17747== 
==17747== For counts of detected and suppressed errors, rerun with: -v
==17747== ERROR SUMMARY: 0 errors from 0 contexts (suppressed: 0 from 0)
