==19253== Memcheck, a memory error detector
==19253== Copyright (C) 2002-2017, and GNU GPL'd, by Julian Seward et al.
==19253== Using Valgrind-3.13.0 and LibVEX; rerun with -h for copyright info
==19253== Command: /rhome/b/bkarovic1/workspace/UUP/T13/Z3/.runme
==19253== Parent PID: 19240
==19253== 
==19253== 
==19253== HEAP SUMMARY:
==19253==     in use at exit: 2,760 bytes in 5 blocks
==19253==   total heap usage: 13 allocs, 8 frees, 53,488 bytes allocated
==19253== 
==19253== LEAK SUMMARY:
==19253==    definitely lost: 0 bytes in 0 blocks
==19253==    indirectly lost: 0 bytes in 0 blocks
==19253==      possibly lost: 0 bytes in 0 blocks
==19253==    still reachable: 2,760 bytes in 5 blocks
==19253==         suppressed: 0 bytes in 0 blocks
==19253== Reachable blocks (those to which a pointer was found) are not shown.
==19253== To see them, rerun with: --leak-check=full --show-leak-kinds=all
==19253== 
==19253== For counts of detected and suppressed errors, rerun with: -v
==19253== ERROR SUMMARY: 0 errors from 0 contexts (suppressed: 0 from 0)
