==28111== Memcheck, a memory error detector
==28111== Copyright (C) 2002-2017, and GNU GPL'd, by Julian Seward et al.
==28111== Using Valgrind-3.13.0 and LibVEX; rerun with -h for copyright info
==28111== Command: /rhome/b/bkarovic1/workspace/UUP/T11/Z6/.runme
==28111== Parent PID: 28096
==28111== 
==28111== 
==28111== Process terminating with default action of signal 15 (SIGTERM)
==28111==    at 0x514E081: read (read.c:27)
==28111==    by 0x50CB147: _IO_file_underflow@@GLIBC_2.2.5 (fileops.c:531)
==28111==    by 0x50CC3F1: _IO_default_uflow (genops.c:380)
==28111==    by 0x50A9BE9: _IO_vfscanf (vfscanf.c:630)
==28111==    by 0x50B9FD7: __isoc99_scanf (isoc99_scanf.c:37)
==28111==    by 0x108924: main (main.c:45)
==28111== 
==28111== HEAP SUMMARY:
==28111==     in use at exit: 0 bytes in 0 blocks
==28111==   total heap usage: 1 allocs, 1 frees, 1,024 bytes allocated
==28111== 
==28111== All heap blocks were freed -- no leaks are possible
==28111== 
==28111== For counts of detected and suppressed errors, rerun with: -v
==28111== ERROR SUMMARY: 0 errors from 0 contexts (suppressed: 0 from 0)
