==25437== Memcheck, a memory error detector
==25437== Copyright (C) 2002-2017, and GNU GPL'd, by Julian Seward et al.
==25437== Using Valgrind-3.13.0 and LibVEX; rerun with -h for copyright info
==25437== Command: /rhome/b/bkarovic1/workspace/UUP/T11/Z4/.runme
==25437== Parent PID: 25426
==25437== 
==25437== 
==25437== Process terminating with default action of signal 15 (SIGTERM)
==25437==    at 0x514E081: read (read.c:27)
==25437==    by 0x50CB147: _IO_file_underflow@@GLIBC_2.2.5 (fileops.c:531)
==25437==    by 0x50CC3F1: _IO_default_uflow (genops.c:380)
==25437==    by 0x50A9BE9: _IO_vfscanf (vfscanf.c:630)
==25437==    by 0x50B9FD7: __isoc99_scanf (isoc99_scanf.c:37)
==25437==    by 0x1087A8: unos_vremema (main.c:10)
==25437==    by 0x108847: main (main.c:25)
==25437== 
==25437== HEAP SUMMARY:
==25437==     in use at exit: 0 bytes in 0 blocks
==25437==   total heap usage: 1 allocs, 1 frees, 1,024 bytes allocated
==25437== 
==25437== All heap blocks were freed -- no leaks are possible
==25437== 
==25437== For counts of detected and suppressed errors, rerun with: -v
==25437== ERROR SUMMARY: 0 errors from 0 contexts (suppressed: 0 from 0)
