==19046== Memcheck, a memory error detector
==19046== Copyright (C) 2002-2017, and GNU GPL'd, by Julian Seward et al.
==19046== Using Valgrind-3.13.0 and LibVEX; rerun with -h for copyright info
==19046== Command: /rhome/b/bkarovic1/workspace/UUP/Z1/Z4/.runme
==19046== Parent PID: 19033
==19046== 
==19046== 
==19046== Process terminating with default action of signal 24 (SIGXCPU): dumping core
==19046==    at 0x514E152: write (write.c:27)
==19046==    by 0x50C91BC: _IO_file_write@@GLIBC_2.2.5 (fileops.c:1203)
==19046==    by 0x50C9B2E: new_do_write (fileops.c:457)
==19046==    by 0x50C9B2E: _IO_file_xsputn@@GLIBC_2.2.5 (fileops.c:1277)
==19046==    by 0x509C706: buffered_vfprintf (vfprintf.c:2350)
==19046==    by 0x5099725: vfprintf (vfprintf.c:1301)
==19046==    by 0x50A2F25: printf (printf.c:33)
==19046==    by 0x108C14: main (main.c:133)
==19046== 
==19046== HEAP SUMMARY:
==19046==     in use at exit: 0 bytes in 0 blocks
==19046==   total heap usage: 1 allocs, 1 frees, 1,024 bytes allocated
==19046== 
==19046== All heap blocks were freed -- no leaks are possible
==19046== 
==19046== For counts of detected and suppressed errors, rerun with: -v
==19046== ERROR SUMMARY: 0 errors from 0 contexts (suppressed: 0 from 0)
