==2457== Memcheck, a memory error detector
==2457== Copyright (C) 2002-2017, and GNU GPL'd, by Julian Seward et al.
==2457== Using Valgrind-3.13.0 and LibVEX; rerun with -h for copyright info
==2457== Command: /rhome/b/bkarovic1/workspace/UUP/ZSR8/Z1/.runme
==2457== Parent PID: 2452
==2457== 
==2457== 
==2457== Process terminating with default action of signal 15 (SIGTERM)
==2457==    at 0x514E081: read (read.c:27)
==2457==    by 0x50CB147: _IO_file_underflow@@GLIBC_2.2.5 (fileops.c:531)
==2457==    by 0x50CC3F1: _IO_default_uflow (genops.c:380)
==2457==    by 0x50A9BE9: _IO_vfscanf (vfscanf.c:630)
==2457==    by 0x50B9FD7: __isoc99_scanf (isoc99_scanf.c:37)
==2457==    by 0x10886E: main (main.c:29)
==2457== 
==2457== HEAP SUMMARY:
==2457==     in use at exit: 0 bytes in 0 blocks
==2457==   total heap usage: 1 allocs, 1 frees, 1,024 bytes allocated
==2457== 
==2457== All heap blocks were freed -- no leaks are possible
==2457== 
==2457== For counts of detected and suppressed errors, rerun with: -v
==2457== ERROR SUMMARY: 0 errors from 0 contexts (suppressed: 0 from 0)
