==22480== Memcheck, a memory error detector
==22480== Copyright (C) 2002-2017, and GNU GPL'd, by Julian Seward et al.
==22480== Using Valgrind-3.13.0 and LibVEX; rerun with -h for copyright info
==22480== Command: /rhome/b/bkarovic1/workspace/UUP/T11/Z3/.runme
==22480== Parent PID: 22464
==22480== 
==22480== 
==22480== Process terminating with default action of signal 1 (SIGHUP)
==22480==    at 0x54EC152: write (write.c:27)
==22480==    by 0x54671BC: _IO_file_write@@GLIBC_2.2.5 (fileops.c:1203)
==22480==    by 0x5467B2E: new_do_write (fileops.c:457)
==22480==    by 0x5467B2E: _IO_file_xsputn@@GLIBC_2.2.5 (fileops.c:1277)
==22480==    by 0x545CA8E: puts (ioputs.c:40)
==22480==    by 0x1089B8: unos_kruznice (main.c:50)
==22480==    by 0x108B46: main (main.c:81)
==22480== 
==22480== HEAP SUMMARY:
==22480==     in use at exit: 0 bytes in 0 blocks
==22480==   total heap usage: 1 allocs, 1 frees, 1,024 bytes allocated
==22480== 
==22480== All heap blocks were freed -- no leaks are possible
==22480== 
==22480== For counts of detected and suppressed errors, rerun with: -v
==22480== ERROR SUMMARY: 0 errors from 0 contexts (suppressed: 0 from 0)
