==3178== Memcheck, a memory error detector
==3178== Copyright (C) 2002-2017, and GNU GPL'd, by Julian Seward et al.
==3178== Using Valgrind-3.13.0 and LibVEX; rerun with -h for copyright info
==3178== Command: /rhome/b/bkarovic1/workspace/UUP/Z2/Z1/.runme
==3178== Parent PID: 3163
==3178== 
==3178== 
==3178== Process terminating with default action of signal 15 (SIGTERM)
==3178==    at 0x514E081: read (read.c:27)
==3178==    by 0x50CB147: _IO_file_underflow@@GLIBC_2.2.5 (fileops.c:531)
==3178==    by 0x50CC3F1: _IO_default_uflow (genops.c:380)
==3178==    by 0x50A9BE9: _IO_vfscanf (vfscanf.c:630)
==3178==    by 0x50B9FD7: __isoc99_scanf (isoc99_scanf.c:37)
==3178==    by 0x1089A0: main (main.c:118)
==3178== 
==3178== HEAP SUMMARY:
==3178==     in use at exit: 0 bytes in 0 blocks
==3178==   total heap usage: 1 allocs, 1 frees, 1,024 bytes allocated
==3178== 
==3178== All heap blocks were freed -- no leaks are possible
==3178== 
==3178== For counts of detected and suppressed errors, rerun with: -v
==3178== ERROR SUMMARY: 0 errors from 0 contexts (suppressed: 0 from 0)
