/rhome/b/bkarovic1/workspace/UUP/ZSR13/Z2/main.c: In function ‘y’:
/rhome/b/bkarovic1/workspace/UUP/ZSR13/Z2/main.c:13:12: warning: format ‘%d’ expects argument of type ‘int’, but argument 2 has type ‘int *’ [-Wformat=]
  printf("p%d\n",p);
           ~^
           %ls
/rhome/b/bkarovic1/workspace/UUP/ZSR13/Z2/main.c:14:12: warning: format ‘%d’ expects argument of type ‘int’, but argument 2 has type ‘int *’ [-Wformat=]
  printf("c%d\n",c);
           ~^
           %ls
/rhome/b/bkarovic1/workspace/UUP/ZSR13/Z2/main.c:16:14: warning: format ‘%d’ expects argument of type ‘int’, but argument 2 has type ‘int *’ [-Wformat=]
  printf("c++%d\n",c);
             ~^
             %ls
/rhome/b/bkarovic1/workspace/UUP/ZSR13/Z2/main.c:17:14: warning: format ‘%d’ expects argument of type ‘int’, but argument 2 has type ‘int *’ [-Wformat=]
  printf("p++%d\n",p);
             ~^
             %ls
/rhome/b/bkarovic1/workspace/UUP/ZSR13/Z2/main.c: In function ‘main’:
/rhome/b/bkarovic1/workspace/UUP/ZSR13/Z2/main.c:31:15: warning: missing braces around initializer [-Wmissing-braces]
  int B[3][3]= {1,2,3,4};
               ^
                {    }{}
/rhome/b/bkarovic1/workspace/UUP/ZSR13/Z2/main.c:37:6: warning: passing argument 1 of ‘y’ from incompatible pointer type [-Wincompatible-pointer-types]
  b=y(A,29);
      ^
/rhome/b/bkarovic1/workspace/UUP/ZSR13/Z2/main.c:7:5: note: expected ‘int *’ but argument is of type ‘char *’
 int y(int *p,int a)
     ^
/rhome/b/bkarovic1/workspace/UUP/ZSR13/Z2/main.c:39:4: warning: passing argument 1 of ‘y’ from incompatible pointer type [-Wincompatible-pointer-types]
  y(B,5);
    ^
/rhome/b/bkarovic1/workspace/UUP/ZSR13/Z2/main.c:7:5: note: expected ‘int *’ but argument is of type ‘int (*)[3]’
 int y(int *p,int a)
     ^
/rhome/b/bkarovic1/workspace/UUP/ZSR13/Z2/main.c:41:4: warning: passing argument 1 of ‘x’ from incompatible pointer type [-Wincompatible-pointer-types]
  x(&a,&b);
    ^
/rhome/b/bkarovic1/workspace/UUP/ZSR13/Z2/main.c:2:5: note: expected ‘char *’ but argument is of type ‘int *’
 int x(char *a, char *b)
     ^
/rhome/b/bkarovic1/workspace/UUP/ZSR13/Z2/main.c:41:7: warning: passing argument 2 of ‘x’ from incompatible pointer type [-Wincompatible-pointer-types]
  x(&a,&b);
       ^
/rhome/b/bkarovic1/workspace/UUP/ZSR13/Z2/main.c:2:5: note: expected ‘char *’ but argument is of type ‘int *’
 int x(char *a, char *b)
     ^
