==19546== Memcheck, a memory error detector
==19546== Copyright (C) 2002-2017, and GNU GPL'd, by Julian Seward et al.
==19546== Using Valgrind-3.13.0 and LibVEX; rerun with -h for copyright info
==19546== Command: /rhome/b/bkarovic1/workspace/UUP/ZSR13/Z2/.runme
==19546== Parent PID: 19526
==19546== 
==19546== Conditional jump or move depends on uninitialised value(s)
==19546==    at 0x1087F1: y (main.c:18)
==19546==    by 0x108913: main (main.c:39)
==19546== 
==19546== 
==19546== HEAP SUMMARY:
==19546==     in use at exit: 0 bytes in 0 blocks
==19546==   total heap usage: 0 allocs, 0 frees, 0 bytes allocated
==19546== 
==19546== All heap blocks were freed -- no leaks are possible
==19546== 
==19546== For counts of detected and suppressed errors, rerun with: -v
==19546== Use --track-origins=yes to see where uninitialised values come from
==19546== ERROR SUMMARY: 2 errors from 1 contexts (suppressed: 0 from 0)
