==26665== Memcheck, a memory error detector
==26665== Copyright (C) 2002-2017, and GNU GPL'd, by Julian Seward et al.
==26665== Using Valgrind-3.13.0 and LibVEX; rerun with -h for copyright info
==26665== Command: /rhome/b/bkarovic1/workspace/UUP/T2/Z5/.runme
==26665== Parent PID: 26642
==26665== 
==26665== 
==26665== Process terminating with default action of signal 15 (SIGTERM)
==26665==    at 0x514E081: read (read.c:27)
==26665==    by 0x50CB147: _IO_file_underflow@@GLIBC_2.2.5 (fileops.c:531)
==26665==    by 0x50CC3F1: _IO_default_uflow (genops.c:380)
==26665==    by 0x50A9BE9: _IO_vfscanf (vfscanf.c:630)
==26665==    by 0x50B9FD7: __isoc99_scanf (isoc99_scanf.c:37)
==26665==    by 0x108761: main (main.c:6)
==26665== 
==26665== HEAP SUMMARY:
==26665==     in use at exit: 0 bytes in 0 blocks
==26665==   total heap usage: 1 allocs, 1 frees, 1,024 bytes allocated
==26665== 
==26665== All heap blocks were freed -- no leaks are possible
==26665== 
==26665== For counts of detected and suppressed errors, rerun with: -v
==26665== ERROR SUMMARY: 0 errors from 0 contexts (suppressed: 0 from 0)
