==30925== Memcheck, a memory error detector
==30925== Copyright (C) 2002-2017, and GNU GPL'd, by Julian Seward et al.
==30925== Using Valgrind-3.13.0 and LibVEX; rerun with -h for copyright info
==30925== Command: /rhome/b/bkarovic1/workspace/UUP/T9/Z2/.runme
==30925== Parent PID: 30911
==30925== 
==30925== 
==30925== Process terminating with default action of signal 1 (SIGHUP)
==30925==    at 0x514E081: read (read.c:27)
==30925==    by 0x50CB147: _IO_file_underflow@@GLIBC_2.2.5 (fileops.c:531)
==30925==    by 0x50CC3F1: _IO_default_uflow (genops.c:380)
==30925==    by 0x10882C: unesi (main.c:18)
==30925==    by 0x1088FD: main (main.c:42)
==30925== 
==30925== HEAP SUMMARY:
==30925==     in use at exit: 0 bytes in 0 blocks
==30925==   total heap usage: 1 allocs, 1 frees, 1,024 bytes allocated
==30925== 
==30925== All heap blocks were freed -- no leaks are possible
==30925== 
==30925== For counts of detected and suppressed errors, rerun with: -v
==30925== ERROR SUMMARY: 0 errors from 0 contexts (suppressed: 0 from 0)
