==7845== Memcheck, a memory error detector
==7845== Copyright (C) 2002-2017, and GNU GPL'd, by Julian Seward et al.
==7845== Using Valgrind-3.13.0 and LibVEX; rerun with -h for copyright info
==7845== Command: /rhome/b/bkarovic1/workspace/UUP/Z5/Z2/.runme
==7845== Parent PID: 7826
==7845== 
==7845== Jump to the invalid address stated on the next line
==7845==    at 0x3FE6986D3F95C2F7: ???
==7845==    by 0x57C429F: ??? (in /lib/x86_64-linux-gnu/libc-2.27.so)
==7845==    by 0x1FFF000A27: ???
==7845==    by 0x1057C875F: ???
==7845==    by 0x108B5E: izbaci_visak (main.c:96)
==7845==  Address 0x3fe6986d3f95c2f7 is not stack'd, malloc'd or (recently) free'd
==7845== 
==7845== 
==7845== Process terminating with default action of signal 11 (SIGSEGV): dumping core
==7845==  Bad permissions for mapped region at address 0x3FE6986D3F95C2F7
==7845==    at 0x3FE6986D3F95C2F7: ???
==7845==    by 0x57C429F: ??? (in /lib/x86_64-linux-gnu/libc-2.27.so)
==7845==    by 0x1FFF000A27: ???
==7845==    by 0x1057C875F: ???
==7845==    by 0x108B5E: izbaci_visak (main.c:96)
==7845== 
==7845== HEAP SUMMARY:
==7845==     in use at exit: 0 bytes in 0 blocks
==7845==   total heap usage: 0 allocs, 0 frees, 0 bytes allocated
==7845== 
==7845== All heap blocks were freed -- no leaks are possible
==7845== 
==7845== For counts of detected and suppressed errors, rerun with: -v
==7845== ERROR SUMMARY: 1 errors from 1 contexts (suppressed: 0 from 0)
